<?xml version="1.0" encoding="UTF-8"?>
<!-- Generated by org.testng.reporters.JUnitXMLReporter -->
<testsuite ignored="0" hostname="DESKTOP-TFBDC2G" failures="0" tests="1" name="Test" time="0.425" errors="0" timestamp="2023-03-26T15:53:24 IST">
  <testcase classname="testPackage.testNg3" name="@BeforeTest beforeTest" time="-1.679826204002E9">
    <failure type="org.testng.TestNGException" message="
Parameter &amp;apos;browser&amp;apos; is required by BeforeTest on method beforeTest but has not been marked @Optional or defined
in C:\Users\Hp\eclipse-workspace\OrangeHRM\Excel.xml">
      <![CDATA[org.testng.TestNGException: 
Parameter 'browser' is required by BeforeTest on method beforeTest but has not been marked @Optional or defined
in C:\Users\Hp\eclipse-workspace\OrangeHRM\Excel.xml
... Removed 21 stack frames]]>
    </failure>
  </testcase> <!-- @BeforeTest beforeTest -->
  <testcase classname="testPackage.testNg3" name="@BeforeClass beforeClass" time="0.0">
    <skipped/>
  </testcase> <!-- @BeforeClass beforeClass -->
  <testcase classname="testPackage.testNg3" name="@BeforeMethod beforeMethod" time="0.0">
    <skipped/>
  </testcase> <!-- @BeforeMethod beforeMethod -->
  <testcase classname="testPackage.testNg3" name="@AfterMethod afterMethod" time="0.0">
    <skipped/>
  </testcase> <!-- @AfterMethod afterMethod -->
  <testcase classname="testPackage.testNg3" name="@AfterClass afterClass" time="0.0">
    <skipped/>
  </testcase> <!-- @AfterClass afterClass -->
  <testcase classname="testPackage.testNg3" name="@AfterTest aftertest" time="0.0">
    <skipped/>
  </testcase> <!-- @AfterTest aftertest -->
  <testcase classname="testPackage.testNg3" name="Test1" time="0.0">
    <skipped/>
  </testcase> <!-- Test1 -->
</testsuite> <!-- Test -->
